[debug] [2022-08-01T07:44:55.465Z] ----------------------------------------------------------------------
[debug] [2022-08-01T07:44:55.468Z] Command:       C:\Program Files\nodejs\node.exe C:\Users\Rock\AppData\Roaming\npm\node_modules\firebase-tools\lib\bin\firebase.js init
[debug] [2022-08-01T07:44:55.469Z] CLI Version:   11.4.0
[debug] [2022-08-01T07:44:55.469Z] Platform:      win32
[debug] [2022-08-01T07:44:55.469Z] Node Version:  v16.13.2
[debug] [2022-08-01T07:44:55.470Z] Time:          Mon Aug 01 2022 13:14:55 GMT+0530 (India Standard Time)
[debug] [2022-08-01T07:44:55.471Z] ----------------------------------------------------------------------
[debug] 
[debug] [2022-08-01T07:44:55.482Z] > command requires scopes: ["email","openid","https://www.googleapis.com/auth/cloudplatformprojects.readonly","https://www.googleapis.com/auth/firebase","https://www.googleapis.com/auth/cloud-platform"]
[debug] [2022-08-01T07:44:55.482Z] > authorizing via signed-in user (pankajsingh0592@gmail.com)
[info] 
     ######## #### ########  ######## ########     ###     ######  ########
     ##        ##  ##     ## ##       ##     ##  ##   ##  ##       ##
     ######    ##  ########  ######   ########  #########  ######  ######
     ##        ##  ##    ##  ##       ##     ## ##     ##       ## ##
     ##       #### ##     ## ######## ########  ##     ##  ######  ########

You're about to initialize a Firebase project in this directory:

  D:\Angela -yu\React\disney-plus-clone

[info] 
=== Project Setup
[info] 
[info] First, let's associate this project directory with a Firebase project.
[info] You can create multiple project aliases by running firebase use --add, 
[info] but for now we'll just set up a default project.
[info] 
[debug] [2022-08-01T07:45:36.649Z] > refreshing access token with scopes: []
[debug] [2022-08-01T07:45:36.653Z] >>> [apiv2][query] POST https://www.googleapis.com/oauth2/v3/token [none]
[debug] [2022-08-01T07:45:36.653Z] >>> [apiv2][body] POST https://www.googleapis.com/oauth2/v3/token [omitted]
[debug] [2022-08-01T07:45:38.044Z] <<< [apiv2][status] POST https://www.googleapis.com/oauth2/v3/token 200
[debug] [2022-08-01T07:45:38.045Z] <<< [apiv2][body] POST https://www.googleapis.com/oauth2/v3/token [omitted]
[debug] [2022-08-01T07:45:38.221Z] >>> [apiv2][query] GET https://firebase.googleapis.com/v1beta1/projects pageSize=100
[debug] [2022-08-01T07:45:40.649Z] <<< [apiv2][status] GET https://firebase.googleapis.com/v1beta1/projects 200
[debug] [2022-08-01T07:45:40.649Z] <<< [apiv2][body] GET https://firebase.googleapis.com/v1beta1/projects [omitted]
[info] i  Using project disney-plus-clone-3fe2e (disney-plus-clone) 
[info] 
=== Firestore Setup
[debug] [2022-08-01T07:45:58.434Z] >>> [apiv2][query] GET https://serviceusage.googleapis.com/v1/projects/disney-plus-clone-3fe2e/services/firestore.googleapis.com [none]
[debug] [2022-08-01T07:46:01.750Z] <<< [apiv2][status] GET https://serviceusage.googleapis.com/v1/projects/disney-plus-clone-3fe2e/services/firestore.googleapis.com 200
[debug] [2022-08-01T07:46:01.750Z] <<< [apiv2][body] GET https://serviceusage.googleapis.com/v1/projects/disney-plus-clone-3fe2e/services/firestore.googleapis.com [omitted]
[debug] [2022-08-01T07:46:01.752Z] >>> [apiv2][query] GET https://appengine.googleapis.com/v1/apps/disney-plus-clone-3fe2e [none]
[debug] [2022-08-01T07:46:03.268Z] <<< [apiv2][status] GET https://appengine.googleapis.com/v1/apps/disney-plus-clone-3fe2e 200
[debug] [2022-08-01T07:46:03.269Z] <<< [apiv2][body] GET https://appengine.googleapis.com/v1/apps/disney-plus-clone-3fe2e {"name":"apps/disney-plus-clone-3fe2e","id":"disney-plus-clone-3fe2e","authDomain":"gmail.com","locationId":"asia-east2","codeBucket":"staging.disney-plus-clone-3fe2e.appspot.com","servingStatus":"SERVING","defaultHostname":"disney-plus-clone-3fe2e.df.r.appspot.com","defaultBucket":"disney-plus-clone-3fe2e.appspot.com","serviceAccount":"disney-plus-clone-3fe2e@appspot.gserviceaccount.com","gcrDomain":"asia.gcr.io","databaseType":"CLOUD_FIRESTORE","featureSettings":{"splitHealthChecks":true,"useContainerOptimizedOs":true}}
[debug] [2022-08-01T07:46:03.269Z] database_type: CLOUD_FIRESTORE
[debug] [2022-08-01T07:46:03.269Z] > command requires scopes: ["email","openid","https://www.googleapis.com/auth/cloudplatformprojects.readonly","https://www.googleapis.com/auth/firebase","https://www.googleapis.com/auth/cloud-platform"]
[debug] [2022-08-01T07:46:03.270Z] > authorizing via signed-in user (pankajsingh0592@gmail.com)
[debug] [2022-08-01T07:46:03.270Z] [iam] checking project disney-plus-clone-3fe2e for permissions ["firebase.projects.get"]
[debug] [2022-08-01T07:46:03.270Z] >>> [apiv2][query] POST https://cloudresourcemanager.googleapis.com/v1/projects/disney-plus-clone-3fe2e:testIamPermissions [none]
[debug] [2022-08-01T07:46:03.270Z] >>> [apiv2][(partial)header] POST https://cloudresourcemanager.googleapis.com/v1/projects/disney-plus-clone-3fe2e:testIamPermissions x-goog-quota-user=projects/disney-plus-clone-3fe2e
[debug] [2022-08-01T07:46:03.271Z] >>> [apiv2][body] POST https://cloudresourcemanager.googleapis.com/v1/projects/disney-plus-clone-3fe2e:testIamPermissions {"permissions":["firebase.projects.get"]}
[debug] [2022-08-01T07:46:05.157Z] <<< [apiv2][status] POST https://cloudresourcemanager.googleapis.com/v1/projects/disney-plus-clone-3fe2e:testIamPermissions 200
[debug] [2022-08-01T07:46:05.158Z] <<< [apiv2][body] POST https://cloudresourcemanager.googleapis.com/v1/projects/disney-plus-clone-3fe2e:testIamPermissions {"permissions":["firebase.projects.get"]}
[info] 
[info] Firestore Security Rules allow you to define how and when to allow
[info] requests. You can keep these rules in your project directory
[info] and publish them with firebase deploy.
[info] 
[debug] [2022-08-01T07:46:05.187Z] >>> [apiv2][query] GET https://firebaserules.googleapis.com/v1/projects/disney-plus-clone-3fe2e/releases pageSize=10&pageToken=
[debug] [2022-08-01T07:46:07.192Z] <<< [apiv2][status] GET https://firebaserules.googleapis.com/v1/projects/disney-plus-clone-3fe2e/releases 200
[debug] [2022-08-01T07:46:07.193Z] <<< [apiv2][body] GET https://firebaserules.googleapis.com/v1/projects/disney-plus-clone-3fe2e/releases {"releases":[{"name":"projects/disney-plus-clone-3fe2e/releases/cloud.firestore","rulesetName":"projects/disney-plus-clone-3fe2e/rulesets/bdc281bf-5051-4cbd-8f4b-3a8203428116","createTime":"2022-07-30T09:10:37.731227Z","updateTime":"2022-07-31T08:46:32.433299Z"},{"name":"projects/disney-plus-clone-3fe2e/releases/firebase.storage/disney-plus-clone-3fe2e.appspot.com","rulesetName":"projects/disney-plus-clone-3fe2e/rulesets/0b09d1d8-25cc-4a71-bb0d-f8dbc14e71cc","createTime":"2022-07-30T08:01:11.154148Z","updateTime":"2022-07-30T08:01:11.154148Z"}]}
[debug] [2022-08-01T07:46:07.236Z] Found ruleset: projects/disney-plus-clone-3fe2e/rulesets/bdc281bf-5051-4cbd-8f4b-3a8203428116
[debug] [2022-08-01T07:46:07.237Z] >>> [apiv2][query] GET https://firebaserules.googleapis.com/v1/projects/disney-plus-clone-3fe2e/rulesets/bdc281bf-5051-4cbd-8f4b-3a8203428116 [none]
[debug] [2022-08-01T07:46:09.048Z] <<< [apiv2][status] GET https://firebaserules.googleapis.com/v1/projects/disney-plus-clone-3fe2e/rulesets/bdc281bf-5051-4cbd-8f4b-3a8203428116 200
[debug] [2022-08-01T07:46:09.049Z] <<< [apiv2][body] GET https://firebaserules.googleapis.com/v1/projects/disney-plus-clone-3fe2e/rulesets/bdc281bf-5051-4cbd-8f4b-3a8203428116 [omitted]
[info] 
[info] Firestore indexes allow you to perform complex queries while
[info] maintaining performance that scales with the size of the result
[info] set. You can keep index definitions in your project directory
[info] and publish them with firebase deploy.
[info] 
[debug] [2022-08-01T07:46:13.207Z] >>> [apiv2][query] GET https://firestore.googleapis.com/v1/projects/disney-plus-clone-3fe2e/databases/(default)/collectionGroups/-/indexes [none]
[debug] [2022-08-01T07:46:13.208Z] >>> [apiv2][query] GET https://firestore.googleapis.com/v1/projects/disney-plus-clone-3fe2e/databases/(default)/collectionGroups/-/fields?filter=indexConfig.usesAncestorConfig=false [none]
[debug] [2022-08-01T07:46:14.609Z] <<< [apiv2][status] GET https://firestore.googleapis.com/v1/projects/disney-plus-clone-3fe2e/databases/(default)/collectionGroups/-/indexes 200
[debug] [2022-08-01T07:46:14.610Z] <<< [apiv2][body] GET https://firestore.googleapis.com/v1/projects/disney-plus-clone-3fe2e/databases/(default)/collectionGroups/-/indexes {}
[debug] [2022-08-01T07:46:15.015Z] <<< [apiv2][status] GET https://firestore.googleapis.com/v1/projects/disney-plus-clone-3fe2e/databases/(default)/collectionGroups/-/fields?filter=indexConfig.usesAncestorConfig=false 200
[debug] [2022-08-01T07:46:15.016Z] <<< [apiv2][body] GET https://firestore.googleapis.com/v1/projects/disney-plus-clone-3fe2e/databases/(default)/collectionGroups/-/fields?filter=indexConfig.usesAncestorConfig=false {"fields":[{"name":"projects/disney-plus-clone-3fe2e/databases/(default)/collectionGroups/__default__/fields/*","indexConfig":{"indexes":[{"queryScope":"COLLECTION","fields":[{"fieldPath":"*","order":"ASCENDING"}],"state":"READY"},{"queryScope":"COLLECTION","fields":[{"fieldPath":"*","order":"DESCENDING"}],"state":"READY"},{"queryScope":"COLLECTION","fields":[{"fieldPath":"*","arrayConfig":"CONTAINS"}],"state":"READY"}]}}]}
[info] 
=== Functions Setup
[info] 
[info] A functions directory will be created in your project with sample code
[info] pre-configured. Functions can be deployed with firebase deploy.
[info] 
[debug] [2022-08-01T07:46:15.032Z] > command requires scopes: ["email","openid","https://www.googleapis.com/auth/cloudplatformprojects.readonly","https://www.googleapis.com/auth/firebase","https://www.googleapis.com/auth/cloud-platform"]
[debug] [2022-08-01T07:46:15.033Z] > authorizing via signed-in user (pankajsingh0592@gmail.com)
[debug] [2022-08-01T07:46:15.033Z] [iam] checking project disney-plus-clone-3fe2e for permissions ["firebase.projects.get"]
[debug] [2022-08-01T07:46:15.034Z] >>> [apiv2][query] POST https://cloudresourcemanager.googleapis.com/v1/projects/disney-plus-clone-3fe2e:testIamPermissions [none]
[debug] [2022-08-01T07:46:15.034Z] >>> [apiv2][(partial)header] POST https://cloudresourcemanager.googleapis.com/v1/projects/disney-plus-clone-3fe2e:testIamPermissions x-goog-quota-user=projects/disney-plus-clone-3fe2e
[debug] [2022-08-01T07:46:15.035Z] >>> [apiv2][body] POST https://cloudresourcemanager.googleapis.com/v1/projects/disney-plus-clone-3fe2e:testIamPermissions {"permissions":["firebase.projects.get"]}
[debug] [2022-08-01T07:46:16.829Z] <<< [apiv2][status] POST https://cloudresourcemanager.googleapis.com/v1/projects/disney-plus-clone-3fe2e:testIamPermissions 200
[debug] [2022-08-01T07:46:16.830Z] <<< [apiv2][body] POST https://cloudresourcemanager.googleapis.com/v1/projects/disney-plus-clone-3fe2e:testIamPermissions {"permissions":["firebase.projects.get"]}
[debug] [2022-08-01T07:46:16.831Z] >>> [apiv2][query] GET https://serviceusage.googleapis.com/v1/projects/disney-plus-clone-3fe2e/services/cloudfunctions.googleapis.com [none]
[debug] [2022-08-01T07:46:16.836Z] >>> [apiv2][query] GET https://serviceusage.googleapis.com/v1/projects/disney-plus-clone-3fe2e/services/runtimeconfig.googleapis.com [none]
[debug] [2022-08-01T07:46:19.198Z] <<< [apiv2][status] GET https://serviceusage.googleapis.com/v1/projects/disney-plus-clone-3fe2e/services/runtimeconfig.googleapis.com 200
[debug] [2022-08-01T07:46:19.199Z] <<< [apiv2][body] GET https://serviceusage.googleapis.com/v1/projects/disney-plus-clone-3fe2e/services/runtimeconfig.googleapis.com [omitted]
[debug] [2022-08-01T07:46:19.214Z] <<< [apiv2][status] GET https://serviceusage.googleapis.com/v1/projects/disney-plus-clone-3fe2e/services/cloudfunctions.googleapis.com 200
[debug] [2022-08-01T07:46:19.215Z] <<< [apiv2][body] GET https://serviceusage.googleapis.com/v1/projects/disney-plus-clone-3fe2e/services/cloudfunctions.googleapis.com [omitted]
[debug] [2022-08-01T07:46:19.215Z] >>> [apiv2][query] POST https://serviceusage.googleapis.com/v1/projects/disney-plus-clone-3fe2e/services/cloudfunctions.googleapis.com:enable [none]
[debug] [2022-08-01T07:46:22.054Z] <<< [apiv2][status] POST https://serviceusage.googleapis.com/v1/projects/disney-plus-clone-3fe2e/services/cloudfunctions.googleapis.com:enable 200
[debug] [2022-08-01T07:46:22.055Z] <<< [apiv2][body] POST https://serviceusage.googleapis.com/v1/projects/disney-plus-clone-3fe2e/services/cloudfunctions.googleapis.com:enable [omitted]
[debug] [2022-08-01T07:46:32.056Z] >>> [apiv2][query] GET https://serviceusage.googleapis.com/v1/projects/disney-plus-clone-3fe2e/services/cloudfunctions.googleapis.com [none]
[debug] [2022-08-01T07:46:34.202Z] <<< [apiv2][status] GET https://serviceusage.googleapis.com/v1/projects/disney-plus-clone-3fe2e/services/cloudfunctions.googleapis.com 200
[debug] [2022-08-01T07:46:34.202Z] <<< [apiv2][body] GET https://serviceusage.googleapis.com/v1/projects/disney-plus-clone-3fe2e/services/cloudfunctions.googleapis.com [omitted]
[info] +  Wrote functions/package.json 
[info] +  Wrote functions/.eslintrc.js 
[info] +  Wrote functions/index.js 
[info] +  Wrote functions/.gitignore 
[info] 
=== Hosting Setup
[info] 
[info] Your public directory is the folder (relative to your project directory) that
[info] will contain Hosting assets to be uploaded with firebase deploy. If you
[info] have a build process for your assets, use your build's output directory.
[info] 
[debug] [2022-08-01T07:49:31.745Z] >>> [apiv2][query] GET https://www.gstatic.com/firebasejs/releases.json [none]
[debug] [2022-08-01T07:49:31.881Z] <<< [apiv2][status] GET https://www.gstatic.com/firebasejs/releases.json 200
[debug] [2022-08-01T07:49:31.882Z] <<< [apiv2][body] GET https://www.gstatic.com/firebasejs/releases.json {"current":{"version":"9.9.1","browserURL":"https://www.gstatic.com/firebasejs/9.9.1/firebase.js","packageURL":"https://www.gstatic.com/firebasejs/9.9.1/firebase.tgz"},"live":{"version":"9.9","browserURL":"https://www.gstatic.com/firebasejs/live/9.9/firebase.js","packageURL":"https://www.gstatic.com/firebasejs/live/9.9/firebase.tgz"},"components":{"analytics":"https://www.gstatic.com/firebasejs/9.9.1/firebase-analytics.js","app":"https://www.gstatic.com/firebasejs/9.9.1/firebase-app.js","app-check":"https://www.gstatic.com/firebasejs/9.9.1/firebase-app-check.js","auth":"https://www.gstatic.com/firebasejs/9.9.1/firebase-auth.js","auth/cordova":"https://www.gstatic.com/firebasejs/9.9.1/firebase-auth/cordova.js","auth/react-native":"https://www.gstatic.com/firebasejs/9.9.1/firebase-auth/react-native.js","functions":"https://www.gstatic.com/firebasejs/9.9.1/firebase-functions.js","firestore":"https://www.gstatic.com/firebasejs/9.9.1/firebase-firestore.js","firestore/lite":"https://www.gstatic.com/firebasejs/9.9.1/firebase-firestore/lite.js","installations":"https://www.gstatic.com/firebasejs/9.9.1/firebase-installations.js","storage":"https://www.gstatic.com/firebasejs/9.9.1/firebase-storage.js","performance":"https://www.gstatic.com/firebasejs/9.9.1/firebase-performance.js","remote-config":"https://www.gstatic.com/firebasejs/9.9.1/firebase-remote-config.js","messaging":"https://www.gstatic.com/firebasejs/9.9.1/firebase-messaging.js","messaging/sw":"https://www.gstatic.com/firebasejs/9.9.1/firebase-messaging/sw.js","database":"https://www.gstatic.com/firebasejs/9.9.1/firebase-database.js","firestore.memory":"https://www.gstatic.com/firebasejs/9.9.1/firebase-firestore.memory.js"}}
[info] +  Wrote public/index.html 
[info] 
[info] i  Detected a .git folder at D:\Angela -yu\React\disney-plus-clone 
[info] i  Authorizing with GitHub to upload your service account to a GitHub repository's secrets store. 
[info] 
[info] Visit this URL on this device to log in:
[info] https://github.com/login/oauth/authorize?client_id=89cf50f02ac6aaed3484&state=77095869&redirect_uri=http%3A%2F%2Flocalhost%3A9005&scope=read%3Auser%20repo%20public_repo
[info] 
[info] Waiting for authentication...
[debug] [2022-08-01T07:49:37.645Z] >>> [apiv2][query] POST https://github.com/login/oauth/access_token [none]
[debug] [2022-08-01T07:49:37.645Z] >>> [apiv2][body] POST https://github.com/login/oauth/access_token [stream]
[debug] [2022-08-01T07:49:38.064Z] <<< [apiv2][status] POST https://github.com/login/oauth/access_token 200
[debug] [2022-08-01T07:49:38.064Z] <<< [apiv2][body] POST https://github.com/login/oauth/access_token {"access_token":"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","token_type":"bearer","scope":"read:user,repo"}
[debug] [2022-08-01T07:49:38.073Z] >>> [apiv2][query] GET https://api.github.com/user [none]
[debug] [2022-08-01T07:49:38.594Z] <<< [apiv2][status] GET https://api.github.com/user 200
[debug] [2022-08-01T07:49:38.594Z] <<< [apiv2][body] GET https://api.github.com/user {"login":"spankaj0592-rock","id":96768418,"node_id":"U_kgDOBcSRog","avatar_url":"https://avatars.githubusercontent.com/u/96768418?v=4","gravatar_id":"","url":"https://api.github.com/users/spankaj0592-rock","html_url":"https://github.com/spankaj0592-rock","followers_url":"https://api.github.com/users/spankaj0592-rock/followers","following_url":"https://api.github.com/users/spankaj0592-rock/following{/other_user}","gists_url":"https://api.github.com/users/spankaj0592-rock/gists{/gist_id}","starred_url":"https://api.github.com/users/spankaj0592-rock/starred{/owner}{/repo}","subscriptions_url":"https://api.github.com/users/spankaj0592-rock/subscriptions","organizations_url":"https://api.github.com/users/spankaj0592-rock/orgs","repos_url":"https://api.github.com/users/spankaj0592-rock/repos","events_url":"https://api.github.com/users/spankaj0592-rock/events{/privacy}","received_events_url":"https://api.github.com/users/spankaj0592-rock/received_events","type":"User","site_admin":false,"name":null,"company":null,"blog":"","location":null,"email":null,"hireable":null,"bio":null,"twitter_username":null,"public_repos":14,"public_gists":0,"followers":0,"following":1,"created_at":"2021-12-28T08:15:18Z","updated_at":"2022-07-28T08:30:41Z","private_gists":0,"total_private_repos":1,"owned_private_repos":1,"disk_usage":122263,"collaborators":0,"two_factor_authentication":false,"plan":{"name":"free","space":976562499,"collaborators":0,"private_repos":10000}}
[info] 
[info] +  Success! Logged into GitHub as spankaj0592-rock 
[info] 
[debug] [2022-08-01T07:49:51.744Z] >>> [apiv2][query] GET https://api.github.com/repos//actions/secrets/public-key type=owner
[debug] [2022-08-01T07:49:52.134Z] <<< [apiv2][status] GET https://api.github.com/repos//actions/secrets/public-key 404
[debug] [2022-08-01T07:49:52.134Z] <<< [apiv2][body] GET https://api.github.com/repos//actions/secrets/public-key {"message":"Not Found","documentation_url":"https://docs.github.com/rest"}
[debug] [2022-08-01T07:50:12.655Z] >>> [apiv2][query] GET https://api.github.com/repos/firebase deploy --only hosting:disney-plus-clone-bc4/actions/secrets/public-key type=owner
[debug] [2022-08-01T07:50:13.023Z] <<< [apiv2][status] GET https://api.github.com/repos/firebase deploy --only hosting:disney-plus-clone-bc4/actions/secrets/public-key 404
[debug] [2022-08-01T07:50:13.024Z] <<< [apiv2][body] GET https://api.github.com/repos/firebase deploy --only hosting:disney-plus-clone-bc4/actions/secrets/public-key {"message":"Not Found","documentation_url":"https://docs.github.com/rest"}
[debug] [2022-08-01T07:50:13.599Z] >>> [apiv2][query] GET https://api.github.com/repos/firebase deploy --only hosting:disney-plus-clone-bc4/actions/secrets/public-key type=owner
[debug] [2022-08-01T07:50:13.970Z] <<< [apiv2][status] GET https://api.github.com/repos/firebase deploy --only hosting:disney-plus-clone-bc4/actions/secrets/public-key 404
[debug] [2022-08-01T07:50:13.970Z] <<< [apiv2][body] GET https://api.github.com/repos/firebase deploy --only hosting:disney-plus-clone-bc4/actions/secrets/public-key {"message":"Not Found","documentation_url":"https://docs.github.com/rest"}
[debug] [2022-08-01T08:11:24.886Z] Error: kill ENOSYS
    at process.kill (node:internal/process/per_thread:215:13)
    at process.listener (C:\Users\Rock\AppData\Roaming\npm\node_modules\firebase-tools\node_modules\signal-exit\index.js:95:15)
    at process.emit (node:events:390:28)
[error] 
[error] Error: An unexpected error has occurred.
